<?xml version="1.0" encoding="UTF-8"?>
<!-- Generated by org.testng.reporters.JUnitXMLReporter -->
<testsuite hostname="DESKTOP-FCLS8O9" ignored="0" name="Default test" tests="4" failures="0" timestamp="2020-07-09T05:00:07 CDT" time="54.44" errors="0">
  <testcase name="VerifyRubyOnRailsLink" time="8.304" classname="Page_Object_Model.copy.RubyOnRailsTestScripts"/>
  <testcase name="TopLanguages_Ruby_Link" time="1.944" classname="Page_Object_Model.copy.RubyOnRailsTestScripts"/>
  <testcase name="FindARepositorySearch" time="1.06" classname="Page_Object_Model.copy.RubyOnRailsTestScripts"/>
  <testcase name="VerifyRubyOnRailsImage" time="0.305" classname="Page_Object_Model.copy.RubyOnRailsTestScripts"/>
</testsuite> <!-- Default test -->
